Build started 24/12/2015 19:59:40.
     1>Project "C:\Users\David Soares\Documents\GitHub\POO_1516_Dsoares_JNogueira\POO_1516_JNogueira_DSoares\POO_1516_JNogueira_DSoares\POO_1516_JNogueira_DSoares.vcxproj" on node 2 (Build target(s)).
     1>ClCompile:
         C:\Program Files (x86)\Microsoft Visual Studio 14.0\VC\bin\CL.exe /c /ZI /nologo /W3 /WX- /sdl /Od /Oy- /D WIN32 /D _DEBUG /D _CONSOLE /D _UNICODE /D UNICODE /Gm /EHsc /RTC1 /MDd /GS /fp:precise /Zc:wchar_t /Zc:forScope /Zc:inline /Fo"Debug\\" /Fd"Debug\vc140.pdb" /Gd /TP /analyze- /errorReport:prompt Nave.cpp
         Nave.cpp
     1>c:\users\david soares\documents\github\poo_1516_dsoares_jnogueira\poo_1516_jnogueira_dsoares\poo_1516_jnogueira_dsoares\nave.cpp(16): error C2660: 'Nave::Quadrado': function does not take 4 arguments
     1>Done Building Project "C:\Users\David Soares\Documents\GitHub\POO_1516_Dsoares_JNogueira\POO_1516_JNogueira_DSoares\POO_1516_JNogueira_DSoares\POO_1516_JNogueira_DSoares.vcxproj" (Build target(s)) -- FAILED.

Build FAILED.

Time Elapsed 00:00:00.90
