Build started 27/12/2015 00:15:12.
     1>Project "C:\Users\David Soares\Desktop\POO_1516_JNogueira_DSoares\POO_1516_JNogueira_DSoares\POO_1516_JNogueira_DSoares.vcxproj" on node 2 (Build target(s)).
     1>ClCompile:
         C:\Program Files (x86)\Microsoft Visual Studio 14.0\VC\bin\x86_amd64\CL.exe /c /ZI /nologo /W3 /WX- /sdl /Od /D _DEBUG /D _CONSOLE /D _UNICODE /D UNICODE /Gm /EHsc /RTC1 /MDd /GS /fp:precise /Zc:wchar_t /Zc:forScope /Zc:inline /Fo"x64\Debug\\" /Fd"x64\Debug\vc140.pdb" /Gd /TP /errorReport:prompt Interface.cpp Nave.cpp Sala.cpp comandos.cpp consola.cpp main.cpp
         main.cpp
     1>c:\users\david soares\desktop\poo_1516_jnogueira_dsoares\poo_1516_jnogueira_dsoares\nave.h(7): error C2065: 'Sala': undeclared identifier
     1>c:\users\david soares\desktop\poo_1516_jnogueira_dsoares\poo_1516_jnogueira_dsoares\nave.h(7): error C2059: syntax error: '>'
     1>c:\users\david soares\desktop\poo_1516_jnogueira_dsoares\poo_1516_jnogueira_dsoares\nave.h(7): error C2976: 'std::vector': too few template arguments
         c:\program files (x86)\microsoft visual studio 14.0\vc\include\vector(678): note: see declaration of 'std::vector'
     1>c:\users\david soares\desktop\poo_1516_jnogueira_dsoares\poo_1516_jnogueira_dsoares\nave.h(11): error C2061: syntax error: identifier 'Sala'
         Sala.cpp
     1>c:\users\david soares\desktop\poo_1516_jnogueira_dsoares\poo_1516_jnogueira_dsoares\nave.h(7): error C2065: 'Sala': undeclared identifier
     1>c:\users\david soares\desktop\poo_1516_jnogueira_dsoares\poo_1516_jnogueira_dsoares\nave.h(7): error C2059: syntax error: '>'
     1>c:\users\david soares\desktop\poo_1516_jnogueira_dsoares\poo_1516_jnogueira_dsoares\nave.h(7): error C2976: 'std::vector': too few template arguments
         c:\program files (x86)\microsoft visual studio 14.0\vc\include\vector(678): note: see declaration of 'std::vector'
     1>c:\users\david soares\desktop\poo_1516_jnogueira_dsoares\poo_1516_jnogueira_dsoares\nave.h(11): error C2061: syntax error: identifier 'Sala'
         Generating Code...
         Compiling...
         Interface.cpp
         Generating Code...
         Compiling...
         consola.cpp
         comandos.cpp
         Nave.cpp
         Generating Code...
     1>Done Building Project "C:\Users\David Soares\Desktop\POO_1516_JNogueira_DSoares\POO_1516_JNogueira_DSoares\POO_1516_JNogueira_DSoares.vcxproj" (Build target(s)) -- FAILED.

Build FAILED.

Time Elapsed 00:00:05.12
